This file contains any messages produced by compilers while
running configure, to aid debugging if configure makes a mistake.

It was created by configure, which was
generated by GNU Autoconf 2.59.  Invocation command line was

  $ ./configure 

## --------- ##
## Platform. ##
## --------- ##

hostname = Thomas-MacBook-Pro.local
uname -m = x86_64
uname -r = 14.4.0
uname -s = Darwin
uname -v = Darwin Kernel Version 14.4.0: Thu May 28 11:35:04 PDT 2015; root:xnu-2782.30.5~1/RELEASE_X86_64

/usr/bin/uname -p = i386
/bin/uname -X     = unknown

/bin/arch              = unknown
/usr/bin/arch -k       = unknown
/usr/convex/getsysinfo = unknown
hostinfo               = Mach kernel version:
	 Darwin Kernel Version 14.4.0: Thu May 28 11:35:04 PDT 2015; root:xnu-2782.30.5~1/RELEASE_X86_64
Kernel configured for up to 2 processors.
2 processors are physically available.
2 processors are logically available.
Processor type: i486 (Intel 80486)
Processors active: 0 1
Primary memory available: 8.00 gigabytes
Default processor set: 284 tasks, 1173 threads, 2 processors
Load average: 1.70, Mach factor: 0.77
/bin/machine           = unknown
/usr/bin/oslevel       = unknown
/bin/universe          = unknown

PATH: /Volumes/Macintosh/Users/thomasbruggemann/.k/runtimes/kre-mono.1.0.0-beta3/bin
PATH: /Volumes/Macintosh/Users/thomasbruggemann/.dnx/runtimes/dnx-mono.1.0.0-beta4/bin
PATH: /usr/local/heroku/bin
PATH: /usr/bin
PATH: /bin
PATH: /usr/sbin
PATH: /sbin
PATH: /usr/local/bin
PATH: /Applications/Android Studio.app/sdk/build-tools/19.1.0
PATH: /opt/X11/bin
PATH: /opt/ImageMagick/bin
PATH: /usr/texbin
PATH: /Volumes/Macintosh/Users/thomasbruggemann/Sites/apache-ant-1.9.4/bin
PATH: /Applications/Android Studio.app/sdk/tools
PATH: /Applications/Android Studio.app/sdk/platform-tools
PATH: /Applications/Android Studio.app/sdk


## ----------- ##
## Core tests. ##
## ----------- ##

configure:1337: checking for a BSD-compatible install
configure:1392: result: /usr/bin/install -c
configure:1403: checking whether build environment is sane
configure:1446: result: yes
configure:1511: checking for gawk
configure:1540: result: no
configure:1511: checking for mawk
configure:1540: result: no
configure:1511: checking for nawk
configure:1540: result: no
configure:1511: checking for awk
configure:1527: found /usr/bin/awk
configure:1537: result: awk
configure:1547: checking whether make sets $(MAKE)
configure:1567: result: yes
configure:1783: checking for gcc
configure:1799: found /usr/bin/gcc
configure:1809: result: gcc
configure:2053: checking for C compiler version
configure:2056: gcc --version </dev/null >&5
Configured with: --prefix=/Applications/Xcode.app/Contents/Developer/usr --with-gxx-include-dir=/Applications/Xcode.app/Contents/Developer/Platforms/MacOSX.platform/Developer/SDKs/MacOSX10.10.sdk/usr/include/c++/4.2.1
Apple LLVM version 6.1.0 (clang-602.0.53) (based on LLVM 3.6.0svn)
Target: x86_64-apple-darwin14.4.0
Thread model: posix
configure:2059: $? = 0
configure:2061: gcc -v </dev/null >&5
Configured with: --prefix=/Applications/Xcode.app/Contents/Developer/usr --with-gxx-include-dir=/Applications/Xcode.app/Contents/Developer/Platforms/MacOSX.platform/Developer/SDKs/MacOSX10.10.sdk/usr/include/c++/4.2.1
Apple LLVM version 6.1.0 (clang-602.0.53) (based on LLVM 3.6.0svn)
Target: x86_64-apple-darwin14.4.0
Thread model: posix
configure:2064: $? = 0
configure:2066: gcc -V </dev/null >&5
clang: error: argument to '-V' is missing (expected 1 value)
clang: error: no input files
configure:2069: $? = 1
configure:2092: checking for C compiler default output file name
configure:2095: gcc    conftest.c  >&5
configure:2098: $? = 0
configure:2144: result: a.out
configure:2149: checking whether the C compiler works
configure:2155: ./a.out
configure:2158: $? = 0
configure:2175: result: yes
configure:2182: checking whether we are cross compiling
configure:2184: result: no
configure:2187: checking for suffix of executables
configure:2189: gcc -o conftest    conftest.c  >&5
configure:2192: $? = 0
configure:2217: result: 
configure:2223: checking for suffix of object files
configure:2244: gcc -c   conftest.c >&5
configure:2247: $? = 0
configure:2269: result: o
configure:2273: checking whether we are using the GNU C compiler
configure:2297: gcc -c   conftest.c >&5
configure:2303: $? = 0
configure:2307: test -z 
			 || test ! -s conftest.err
configure:2310: $? = 0
configure:2313: test -s conftest.o
configure:2316: $? = 0
configure:2329: result: yes
configure:2335: checking whether gcc accepts -g
configure:2356: gcc -c -g  conftest.c >&5
configure:2362: $? = 0
configure:2366: test -z 
			 || test ! -s conftest.err
configure:2369: $? = 0
configure:2372: test -s conftest.o
configure:2375: $? = 0
configure:2386: result: yes
configure:2403: checking for gcc option to accept ANSI C
configure:2473: gcc  -c -g -O2  conftest.c >&5
configure:2479: $? = 0
configure:2483: test -z 
			 || test ! -s conftest.err
configure:2486: $? = 0
configure:2489: test -s conftest.o
configure:2492: $? = 0
configure:2510: result: none needed
configure:2528: gcc -c -g -O2  conftest.c >&5
conftest.c:2:3: error: unknown type name 'choke'
  choke me
  ^
conftest.c:2:11: error: expected ';' after top level declarator
  choke me
          ^
          ;
2 errors generated.
configure:2534: $? = 1
configure: failed program was:
| #ifndef __cplusplus
|   choke me
| #endif
configure:2678: checking for style of include used by make
configure:2706: result: GNU
configure:2734: checking dependency style of gcc
configure:2824: result: gcc3
configure:2898: checking for ranlib
configure:2914: found /usr/bin/ranlib
configure:2925: result: ranlib
configure:2958: checking how to run the C preprocessor
configure:2993: gcc -E  conftest.c
configure:2999: $? = 0
configure:3031: gcc -E  conftest.c
conftest.c:11:10: fatal error: 'ac_nonexistent.h' file not found
#include <ac_nonexistent.h>
         ^
1 error generated.
configure:3037: $? = 1
configure: failed program was:
| /* confdefs.h.  */
| 
| #define PACKAGE_NAME ""
| #define PACKAGE_TARNAME ""
| #define PACKAGE_VERSION ""
| #define PACKAGE_STRING ""
| #define PACKAGE_BUGREPORT ""
| #define PACKAGE "libbsb"
| #define VERSION "0.0.7"
| /* end confdefs.h.  */
| #include <ac_nonexistent.h>
configure:3076: result: gcc -E
configure:3100: gcc -E  conftest.c
configure:3106: $? = 0
configure:3138: gcc -E  conftest.c
conftest.c:11:10: fatal error: 'ac_nonexistent.h' file not found
#include <ac_nonexistent.h>
         ^
1 error generated.
configure:3144: $? = 1
configure: failed program was:
| /* confdefs.h.  */
| 
| #define PACKAGE_NAME ""
| #define PACKAGE_TARNAME ""
| #define PACKAGE_VERSION ""
| #define PACKAGE_STRING ""
| #define PACKAGE_BUGREPORT ""
| #define PACKAGE "libbsb"
| #define VERSION "0.0.7"
| /* end confdefs.h.  */
| #include <ac_nonexistent.h>
configure:3188: checking for egrep
configure:3198: result: grep -E
configure:3203: checking for ANSI C header files
configure:3228: gcc -c -g -O2 -W -Wall -Werror  conftest.c >&5
configure:3234: $? = 0
configure:3238: test -z 
			 || test ! -s conftest.err
configure:3241: $? = 0
configure:3244: test -s conftest.o
configure:3247: $? = 0
configure:3336: gcc -o conftest -g -O2 -W -Wall -Werror   conftest.c  >&5
conftest.c:28:7: error: implicitly declaring library function 'exit' with type 'void (int) __attribute__((noreturn))' [-Werror]
      exit(2);
      ^
conftest.c:28:7: note: include the header <stdlib.h> or explicitly provide a declaration for 'exit'
1 error generated.
configure:3339: $? = 1
configure: program exited with status 1
configure: failed program was:
| /* confdefs.h.  */
| 
| #define PACKAGE_NAME ""
| #define PACKAGE_TARNAME ""
| #define PACKAGE_VERSION ""
| #define PACKAGE_STRING ""
| #define PACKAGE_BUGREPORT ""
| #define PACKAGE "libbsb"
| #define VERSION "0.0.7"
| /* end confdefs.h.  */
| #include <ctype.h>
| #if ((' ' & 0x0FF) == 0x020)
| # define ISLOWER(c) ('a' <= (c) && (c) <= 'z')
| # define TOUPPER(c) (ISLOWER(c) ? 'A' + ((c) - 'a') : (c))
| #else
| # define ISLOWER(c) 		   (('a' <= (c) && (c) <= 'i') 		     || ('j' <= (c) && (c) <= 'r') 		     || ('s' <= (c) && (c) <= 'z'))
| # define TOUPPER(c) (ISLOWER(c) ? ((c) | 0x40) : (c))
| #endif
| 
| #define XOR(e, f) (((e) && !(f)) || (!(e) && (f)))
| int
| main ()
| {
|   int i;
|   for (i = 0; i < 256; i++)
|     if (XOR (islower (i), ISLOWER (i))
| 	|| toupper (i) != TOUPPER (i))
|       exit(2);
|   exit (0);
| }
configure:3359: result: no
configure:3383: checking for sys/types.h
configure:3399: gcc -c -g -O2 -W -Wall -Werror  conftest.c >&5
configure:3405: $? = 0
configure:3409: test -z 
			 || test ! -s conftest.err
configure:3412: $? = 0
configure:3415: test -s conftest.o
configure:3418: $? = 0
configure:3429: result: yes
configure:3383: checking for sys/stat.h
configure:3399: gcc -c -g -O2 -W -Wall -Werror  conftest.c >&5
configure:3405: $? = 0
configure:3409: test -z 
			 || test ! -s conftest.err
configure:3412: $? = 0
configure:3415: test -s conftest.o
configure:3418: $? = 0
configure:3429: result: yes
configure:3383: checking for stdlib.h
configure:3399: gcc -c -g -O2 -W -Wall -Werror  conftest.c >&5
configure:3405: $? = 0
configure:3409: test -z 
			 || test ! -s conftest.err
configure:3412: $? = 0
configure:3415: test -s conftest.o
configure:3418: $? = 0
configure:3429: result: yes
configure:3383: checking for string.h
configure:3399: gcc -c -g -O2 -W -Wall -Werror  conftest.c >&5
configure:3405: $? = 0
configure:3409: test -z 
			 || test ! -s conftest.err
configure:3412: $? = 0
configure:3415: test -s conftest.o
configure:3418: $? = 0
configure:3429: result: yes
configure:3383: checking for memory.h
configure:3399: gcc -c -g -O2 -W -Wall -Werror  conftest.c >&5
configure:3405: $? = 0
configure:3409: test -z 
			 || test ! -s conftest.err
configure:3412: $? = 0
configure:3415: test -s conftest.o
configure:3418: $? = 0
configure:3429: result: yes
configure:3383: checking for strings.h
configure:3399: gcc -c -g -O2 -W -Wall -Werror  conftest.c >&5
configure:3405: $? = 0
configure:3409: test -z 
			 || test ! -s conftest.err
configure:3412: $? = 0
configure:3415: test -s conftest.o
configure:3418: $? = 0
configure:3429: result: yes
configure:3383: checking for inttypes.h
configure:3399: gcc -c -g -O2 -W -Wall -Werror  conftest.c >&5
configure:3405: $? = 0
configure:3409: test -z 
			 || test ! -s conftest.err
configure:3412: $? = 0
configure:3415: test -s conftest.o
configure:3418: $? = 0
configure:3429: result: yes
configure:3383: checking for stdint.h
configure:3399: gcc -c -g -O2 -W -Wall -Werror  conftest.c >&5
configure:3405: $? = 0
configure:3409: test -z 
			 || test ! -s conftest.err
configure:3412: $? = 0
configure:3415: test -s conftest.o
configure:3418: $? = 0
configure:3429: result: yes
configure:3383: checking for unistd.h
configure:3399: gcc -c -g -O2 -W -Wall -Werror  conftest.c >&5
configure:3405: $? = 0
configure:3409: test -z 
			 || test ! -s conftest.err
configure:3412: $? = 0
configure:3415: test -s conftest.o
configure:3418: $? = 0
configure:3429: result: yes
configure:3451: checking tiff.h usability
configure:3463: gcc -c -g -O2 -W -Wall -Werror  conftest.c >&5
conftest.c:54:10: fatal error: 'tiff.h' file not found
#include <tiff.h>
         ^
1 error generated.
configure:3469: $? = 1
configure: failed program was:
| /* confdefs.h.  */
| 
| #define PACKAGE_NAME ""
| #define PACKAGE_TARNAME ""
| #define PACKAGE_VERSION ""
| #define PACKAGE_STRING ""
| #define PACKAGE_BUGREPORT ""
| #define PACKAGE "libbsb"
| #define VERSION "0.0.7"
| #define HAVE_SYS_TYPES_H 1
| #define HAVE_SYS_STAT_H 1
| #define HAVE_STDLIB_H 1
| #define HAVE_STRING_H 1
| #define HAVE_MEMORY_H 1
| #define HAVE_STRINGS_H 1
| #define HAVE_INTTYPES_H 1
| #define HAVE_STDINT_H 1
| #define HAVE_UNISTD_H 1
| /* end confdefs.h.  */
| #include <stdio.h>
| #if HAVE_SYS_TYPES_H
| # include <sys/types.h>
| #endif
| #if HAVE_SYS_STAT_H
| # include <sys/stat.h>
| #endif
| #if STDC_HEADERS
| # include <stdlib.h>
| # include <stddef.h>
| #else
| # if HAVE_STDLIB_H
| #  include <stdlib.h>
| # endif
| #endif
| #if HAVE_STRING_H
| # if !STDC_HEADERS && HAVE_MEMORY_H
| #  include <memory.h>
| # endif
| # include <string.h>
| #endif
| #if HAVE_STRINGS_H
| # include <strings.h>
| #endif
| #if HAVE_INTTYPES_H
| # include <inttypes.h>
| #else
| # if HAVE_STDINT_H
| #  include <stdint.h>
| # endif
| #endif
| #if HAVE_UNISTD_H
| # include <unistd.h>
| #endif
| #include <tiff.h>
configure:3492: result: no
configure:3496: checking tiff.h presence
configure:3506: gcc -E  conftest.c
conftest.c:20:10: fatal error: 'tiff.h' file not found
#include <tiff.h>
         ^
1 error generated.
configure:3512: $? = 1
configure: failed program was:
| /* confdefs.h.  */
| 
| #define PACKAGE_NAME ""
| #define PACKAGE_TARNAME ""
| #define PACKAGE_VERSION ""
| #define PACKAGE_STRING ""
| #define PACKAGE_BUGREPORT ""
| #define PACKAGE "libbsb"
| #define VERSION "0.0.7"
| #define HAVE_SYS_TYPES_H 1
| #define HAVE_SYS_STAT_H 1
| #define HAVE_STDLIB_H 1
| #define HAVE_STRING_H 1
| #define HAVE_MEMORY_H 1
| #define HAVE_STRINGS_H 1
| #define HAVE_INTTYPES_H 1
| #define HAVE_STDINT_H 1
| #define HAVE_UNISTD_H 1
| /* end confdefs.h.  */
| #include <tiff.h>
configure:3532: result: no
configure:3567: checking for tiff.h
configure:3574: result: no
configure:3662: WARNING: *** TIFF conversion tools will not be built ***
configure:3677: checking png.h usability
configure:3689: gcc -c -g -O2 -W -Wall -Werror  conftest.c >&5
conftest.c:54:10: fatal error: 'png.h' file not found
#include <png.h>
         ^
1 error generated.
configure:3695: $? = 1
configure: failed program was:
| /* confdefs.h.  */
| 
| #define PACKAGE_NAME ""
| #define PACKAGE_TARNAME ""
| #define PACKAGE_VERSION ""
| #define PACKAGE_STRING ""
| #define PACKAGE_BUGREPORT ""
| #define PACKAGE "libbsb"
| #define VERSION "0.0.7"
| #define HAVE_SYS_TYPES_H 1
| #define HAVE_SYS_STAT_H 1
| #define HAVE_STDLIB_H 1
| #define HAVE_STRING_H 1
| #define HAVE_MEMORY_H 1
| #define HAVE_STRINGS_H 1
| #define HAVE_INTTYPES_H 1
| #define HAVE_STDINT_H 1
| #define HAVE_UNISTD_H 1
| /* end confdefs.h.  */
| #include <stdio.h>
| #if HAVE_SYS_TYPES_H
| # include <sys/types.h>
| #endif
| #if HAVE_SYS_STAT_H
| # include <sys/stat.h>
| #endif
| #if STDC_HEADERS
| # include <stdlib.h>
| # include <stddef.h>
| #else
| # if HAVE_STDLIB_H
| #  include <stdlib.h>
| # endif
| #endif
| #if HAVE_STRING_H
| # if !STDC_HEADERS && HAVE_MEMORY_H
| #  include <memory.h>
| # endif
| # include <string.h>
| #endif
| #if HAVE_STRINGS_H
| # include <strings.h>
| #endif
| #if HAVE_INTTYPES_H
| # include <inttypes.h>
| #else
| # if HAVE_STDINT_H
| #  include <stdint.h>
| # endif
| #endif
| #if HAVE_UNISTD_H
| # include <unistd.h>
| #endif
| #include <png.h>
configure:3718: result: no
configure:3722: checking png.h presence
configure:3732: gcc -E  conftest.c
conftest.c:20:10: fatal error: 'png.h' file not found
#include <png.h>
         ^
1 error generated.
configure:3738: $? = 1
configure: failed program was:
| /* confdefs.h.  */
| 
| #define PACKAGE_NAME ""
| #define PACKAGE_TARNAME ""
| #define PACKAGE_VERSION ""
| #define PACKAGE_STRING ""
| #define PACKAGE_BUGREPORT ""
| #define PACKAGE "libbsb"
| #define VERSION "0.0.7"
| #define HAVE_SYS_TYPES_H 1
| #define HAVE_SYS_STAT_H 1
| #define HAVE_STDLIB_H 1
| #define HAVE_STRING_H 1
| #define HAVE_MEMORY_H 1
| #define HAVE_STRINGS_H 1
| #define HAVE_INTTYPES_H 1
| #define HAVE_STDINT_H 1
| #define HAVE_UNISTD_H 1
| /* end confdefs.h.  */
| #include <png.h>
configure:3758: result: no
configure:3793: checking for png.h
configure:3800: result: no
configure:3888: WARNING: *** PNG conversion tools will not be built ***
configure:3896: checking for valgrind
configure:3925: result: no
configure:4111: creating ./config.status

## ---------------------- ##
## Running config.status. ##
## ---------------------- ##

This file was extended by config.status, which was
generated by GNU Autoconf 2.59.  Invocation command line was

  CONFIG_FILES    = 
  CONFIG_HEADERS  = 
  CONFIG_LINKS    = 
  CONFIG_COMMANDS = 
  $ ./config.status 

on Thomas-MacBook-Pro.local

config.status:694: creating tests/Makefile
config.status:694: creating tests/at_wrap
config.status:694: creating Makefile
config.status:881: executing depfiles commands
config.status:881: executing tests/atconfig commands

## ---------------- ##
## Cache variables. ##
## ---------------- ##

ac_cv_c_compiler_gnu=yes
ac_cv_env_CC_set=
ac_cv_env_CC_value=
ac_cv_env_CFLAGS_set=
ac_cv_env_CFLAGS_value=
ac_cv_env_CPPFLAGS_set=
ac_cv_env_CPPFLAGS_value=
ac_cv_env_CPP_set=
ac_cv_env_CPP_value=
ac_cv_env_LDFLAGS_set=
ac_cv_env_LDFLAGS_value=
ac_cv_env_build_alias_set=
ac_cv_env_build_alias_value=
ac_cv_env_host_alias_set=
ac_cv_env_host_alias_value=
ac_cv_env_target_alias_set=
ac_cv_env_target_alias_value=
ac_cv_exeext=
ac_cv_header_inttypes_h=yes
ac_cv_header_memory_h=yes
ac_cv_header_png_h=no
ac_cv_header_stdc=no
ac_cv_header_stdint_h=yes
ac_cv_header_stdlib_h=yes
ac_cv_header_string_h=yes
ac_cv_header_strings_h=yes
ac_cv_header_sys_stat_h=yes
ac_cv_header_sys_types_h=yes
ac_cv_header_tiff_h=no
ac_cv_header_unistd_h=yes
ac_cv_objext=o
ac_cv_path_install='/usr/bin/install -c'
ac_cv_prog_AWK=awk
ac_cv_prog_CPP='gcc -E'
ac_cv_prog_ac_ct_CC=gcc
ac_cv_prog_ac_ct_RANLIB=ranlib
ac_cv_prog_cc_g=yes
ac_cv_prog_cc_stdc=
ac_cv_prog_egrep='grep -E'
ac_cv_prog_make_make_set=yes
am_cv_CC_dependencies_compiler_type=gcc3

## ----------------- ##
## Output variables. ##
## ----------------- ##

ACLOCAL='${SHELL} /Volumes/Macintosh/Users/thomasbruggemann/Sites/tiles2bsb/lib/libbsb/missing --run aclocal-1.9'
AMDEPBACKSLASH='\'
AMDEP_FALSE='#'
AMDEP_TRUE=''
AMTAR='${SHELL} /Volumes/Macintosh/Users/thomasbruggemann/Sites/tiles2bsb/lib/libbsb/missing --run tar'
AUTOCONF='${SHELL} /Volumes/Macintosh/Users/thomasbruggemann/Sites/tiles2bsb/lib/libbsb/missing --run autoconf'
AUTOHEADER='${SHELL} /Volumes/Macintosh/Users/thomasbruggemann/Sites/tiles2bsb/lib/libbsb/missing --run autoheader'
AUTOM4TE='${SHELL} /Volumes/Macintosh/Users/thomasbruggemann/Sites/tiles2bsb/lib/libbsb/missing --run autom4te'
AUTOMAKE='${SHELL} /Volumes/Macintosh/Users/thomasbruggemann/Sites/tiles2bsb/lib/libbsb/missing --run automake-1.9'
AWK='awk'
CC='gcc'
CCDEPMODE='depmode=gcc3'
CFLAGS='-g -O2 -W -Wall -Werror'
CPP='gcc -E'
CPPFLAGS=''
CYGPATH_W='echo'
DEFS='-DPACKAGE_NAME=\"\" -DPACKAGE_TARNAME=\"\" -DPACKAGE_VERSION=\"\" -DPACKAGE_STRING=\"\" -DPACKAGE_BUGREPORT=\"\" -DPACKAGE=\"libbsb\" -DVERSION=\"0.0.7\" -DHAVE_SYS_TYPES_H=1 -DHAVE_SYS_STAT_H=1 -DHAVE_STDLIB_H=1 -DHAVE_STRING_H=1 -DHAVE_MEMORY_H=1 -DHAVE_STRINGS_H=1 -DHAVE_INTTYPES_H=1 -DHAVE_STDINT_H=1 -DHAVE_UNISTD_H=1 '
DEPDIR='.deps'
ECHO_C='ECHO_N=''
ECHO_T=''
EGREP='grep -E'
EXEEXT=''
HAVE_LIBPNG_FALSE=''
HAVE_LIBPNG_TRUE='#'
HAVE_LIBTIFF_FALSE=''
HAVE_LIBTIFF_TRUE='#'
INSTALL_DATA='${INSTALL} -m 644'
INSTALL_PROGRAM='${INSTALL}'
INSTALL_SCRIPT='${INSTALL}'
INSTALL_STRIP_PROGRAM='${SHELL} $(install_sh) -c -s'
LDFLAGS=''
LIBOBJS=''
LIBS=''
LTLIBOBJS=''
MAKEINFO='${SHELL} /Volumes/Macintosh/Users/thomasbruggemann/Sites/tiles2bsb/lib/libbsb/missing --run makeinfo'
OBJEXT='o'
PACKAGE='libbsb'
PACKAGE_BUGREPORT=''
PACKAGE_NAME=''
PACKAGE_STRING=''
PACKAGE_TARNAME=''
PACKAGE_VERSION=''
PATH_SEPARATOR=':'
RANLIB='ranlib'
SET_MAKE=''
SHELL='/bin/sh'
STRIP=''
USE_MSVC_FALSE=''
USE_MSVC_TRUE='#'
VALGRIND=''
VERSION='0.0.7'
ac_ct_CC='gcc'
ac_ct_RANLIB='ranlib'
ac_ct_STRIP=''
am__fastdepCC_FALSE='#'
am__fastdepCC_TRUE=''
am__include='include'
am__leading_dot='.'
am__quote=''
am__tar='${AMTAR} chof - "$$tardir"'
am__untar='${AMTAR} xf -'
bindir='${exec_prefix}/bin'
build_alias=''
datadir='${prefix}/share'
exec_prefix='${prefix}'
host_alias=''
includedir='${prefix}/include'
infodir='${prefix}/info'
install_sh='/Volumes/Macintosh/Users/thomasbruggemann/Sites/tiles2bsb/lib/libbsb/install-sh'
libdir='${exec_prefix}/lib'
libexecdir='${exec_prefix}/libexec'
localstatedir='${prefix}/var'
mandir='${prefix}/man'
mkdir_p='$(install_sh) -d'
oldincludedir='/usr/include'
prefix='/usr/local'
program_transform_name='s,x,x,'
sbindir='${exec_prefix}/sbin'
sharedstatedir='${prefix}/com'
sysconfdir='${prefix}/etc'
target_alias=''

## ----------- ##
## confdefs.h. ##
## ----------- ##

#define HAVE_INTTYPES_H 1
#define HAVE_MEMORY_H 1
#define HAVE_STDINT_H 1
#define HAVE_STDLIB_H 1
#define HAVE_STRINGS_H 1
#define HAVE_STRING_H 1
#define HAVE_SYS_STAT_H 1
#define HAVE_SYS_TYPES_H 1
#define HAVE_UNISTD_H 1
#define PACKAGE "libbsb"
#define PACKAGE_BUGREPORT ""
#define PACKAGE_NAME ""
#define PACKAGE_STRING ""
#define PACKAGE_TARNAME ""
#define PACKAGE_VERSION ""
#define VERSION "0.0.7"

configure: exit 0
